Using pre-set license
Built from '2020.3/release' branch; Version is '2020.3.2f1 (8fd9074bf66c) revision 9427207'; Using compiler version '192528614'; Build Type 'Release'
OS: 'Windows 10 Home Single Language; OS build 19043.1237; Version 2009; 64bit' Language: 'ru' Physical Memory: 8070 MB
BatchMode: 1, IsHumanControllingUs: 0, StartBugReporterOnCrash: 0, Is64bit: 1, IsPro: 0

 COMMAND LINE ARGUMENTS:
C:\Program Files\Unity\Hub\Editor\2020.3.2f1\Editor\Unity.exe
-adb2
-batchMode
-noUpm
-name
AssetImportWorker0
-projectPath
C:/Unity C#/Projects/Study/Pockey_Ball-main
-logFile
Logs/AssetImportWorker0.log
-srvPort
52055
Successfully changed project path to: C:/Unity C#/Projects/Study/Pockey_Ball-main
C:/Unity C#/Projects/Study/Pockey_Ball-main
Using Asset Import Pipeline V2.
Refreshing native plugins compatible for Editor in 28.10 ms, found 0 plugins.
Preloading 0 native plugins for Editor in 0.00 ms.
Initialize engine version: 2020.3.2f1 (8fd9074bf66c)
[Subsystems] Discovering subsystems at path C:/Program Files/Unity/Hub/Editor/2020.3.2f1/Editor/Data/Resources/UnitySubsystems
[Subsystems] Discovering subsystems at path C:/Unity C#/Projects/Study/Pockey_Ball-main/Assets
GfxDevice: creating device client; threaded=0
Direct3D:
    Version:  Direct3D 11.0 [level 11.0]
    Renderer: NVIDIA GeForce GTX 960M (ID=0x139b)
    Vendor:   
    VRAM:     2010 MB
    Driver:   30.0.14.7212
Initialize mono
Mono path[0] = 'C:/Program Files/Unity/Hub/Editor/2020.3.2f1/Editor/Data/Managed'
Mono path[1] = 'C:/Program Files/Unity/Hub/Editor/2020.3.2f1/Editor/Data/MonoBleedingEdge/lib/mono/unityjit'
Mono config path = 'C:/Program Files/Unity/Hub/Editor/2020.3.2f1/Editor/Data/MonoBleedingEdge/etc'
Using monoOptions --debugger-agent=transport=dt_socket,embedding=1,server=y,suspend=n,address=127.0.0.1:56836
Begin MonoManager ReloadAssembly
Registering precompiled unity dll's ...
Register platform support module: C:/Program Files/Unity/Hub/Editor/2020.3.2f1/Editor/Data/PlaybackEngines/WebGLSupport/UnityEditor.WebGL.Extensions.dll
Register platform support module: C:/Program Files/Unity/Hub/Editor/2020.3.2f1/Editor/Data/PlaybackEngines/MacStandaloneSupport/UnityEditor.OSXStandalone.Extensions.dll
Register platform support module: C:/Program Files/Unity/Hub/Editor/2020.3.2f1/Editor/Data/PlaybackEngines/WindowsStandaloneSupport/UnityEditor.WindowsStandalone.Extensions.dll
Register platform support module: C:/Program Files/Unity/Hub/Editor/2020.3.2f1/Editor/Data/PlaybackEngines/LinuxStandaloneSupport/UnityEditor.LinuxStandalone.Extensions.dll
Register platform support module: C:/Program Files/Unity/Hub/Editor/2020.3.2f1/Editor/Data/PlaybackEngines/LuminSupport/UnityEditor.Lumin.Extensions.dll
Registered in 0.004602 seconds.
Native extension for Lumin target not found
Native extension for LinuxStandalone target not found
Native extension for WindowsStandalone target not found
Native extension for OSXStandalone target not found
Native extension for WebGL target not found
Refreshing native plugins compatible for Editor in 32.55 ms, found 0 plugins.
Preloading 0 native plugins for Editor in 0.00 ms.
Invoked RoslynAnalysisRunner static constructor.
RoslynAnalysisRunner will not be running.
RoslynAnalysisRunner has terminated.
Mono: successfully reloaded assembly
- Completed reload, in  1.708 seconds
Platform modules already initialized, skipping
Registering precompiled user dll's ...
Registered in 0.001100 seconds.
Begin MonoManager ReloadAssembly
Native extension for Lumin target not found
Native extension for LinuxStandalone target not found
Native extension for WindowsStandalone target not found
Native extension for OSXStandalone target not found
Native extension for WebGL target not found
Refreshing native plugins compatible for Editor in 0.35 ms, found 0 plugins.
Preloading 0 native plugins for Editor in 0.00 ms.
Invoked RoslynAnalysisRunner static constructor.
RoslynAnalysisRunner will not be running.
RoslynAnalysisRunner has terminated.
Mono: successfully reloaded assembly
- Completed reload, in  1.227 seconds
Platform modules already initialized, skipping
========================================================================
Worker process is ready to serve import requests
Launched and connected shader compiler UnityShaderCompiler.exe after 0.07 seconds
Refreshing native plugins compatible for Editor in 0.44 ms, found 0 plugins.
Preloading 0 native plugins for Editor in 0.00 ms.
Unloading 1141 Unused Serialized files (Serialized files now loaded: 0)
System memory in use before: 59.4 MB.
System memory in use after: 59.4 MB.

Unloading 9 unused Assets to reduce memory usage. Loaded Objects now: 1584.
Total: 5.438100 ms (FindLiveObjects: 0.255100 ms CreateObjectMapping: 0.098300 ms MarkObjects: 4.971300 ms  DeleteObjects: 0.111200 ms)

========================================================================
Received Import Request.
  path: Assets/Scenes
  artifactKey: Guid(90791606781c5584a9f7833ed61ddc99) Importer(815301076,1909f56bfc062723c751e8b465ee728b)
Start importing Assets/Scenes using Guid(90791606781c5584a9f7833ed61ddc99) Importer(815301076,1909f56bfc062723c751e8b465ee728b)  -> (artifact id: '930920058720dece37adcdca21ede6fc') in 0.026564 seconds
  Import took 0.030397 seconds .

========================================================================
Received Import Request.
  Time since last request: 5.754682 seconds.
  path: Assets/Scenes/SampleScene.unity
  artifactKey: Guid(9fc0d4010bbf28b4594072e72b8655ab) Importer(815301076,1909f56bfc062723c751e8b465ee728b)
Start importing Assets/Scenes/SampleScene.unity using Guid(9fc0d4010bbf28b4594072e72b8655ab) Importer(815301076,1909f56bfc062723c751e8b465ee728b)  -> (artifact id: '77a7768d625457e61bc94321acbbfdef') in 0.027038 seconds
  Import took 0.029621 seconds .

========================================================================
Received Import Request.
  Time since last request: 530.605533 seconds.
  path: Assets/Materials/Ball.mat
  artifactKey: Guid(b18e86d1a47bf734a9dad9c33422d5fe) Importer(815301076,1909f56bfc062723c751e8b465ee728b)
Start importing Assets/Materials/Ball.mat using Guid(b18e86d1a47bf734a9dad9c33422d5fe) Importer(815301076,1909f56bfc062723c751e8b465ee728b)  -> (artifact id: '5b7afbb9cdab6b9096e5b0044acb1e9a') in 0.151586 seconds
  Import took 0.154588 seconds .

========================================================================
Received Import Request.
  Time since last request: 0.000232 seconds.
  path: Assets/Materials/Coin.mat
  artifactKey: Guid(e84dd6edd4eac8845881719c76f48292) Importer(815301076,1909f56bfc062723c751e8b465ee728b)
Start importing Assets/Materials/Coin.mat using Guid(e84dd6edd4eac8845881719c76f48292) Importer(815301076,1909f56bfc062723c751e8b465ee728b)  -> (artifact id: '0caf24baccc0baf85ae48177fe0dc77b') in 0.022839 seconds
  Import took 0.026164 seconds .

========================================================================
Received Import Request.
  Time since last request: 0.000314 seconds.
  path: Assets/Materials/Floor.mat
  artifactKey: Guid(1464591d180094247882ebade7acb4c1) Importer(815301076,1909f56bfc062723c751e8b465ee728b)
Start importing Assets/Materials/Floor.mat using Guid(1464591d180094247882ebade7acb4c1) Importer(815301076,1909f56bfc062723c751e8b465ee728b)  -> (artifact id: '6f7f118a69e198aeda0bf343e9cea760') in 0.022119 seconds
  Import took 0.025351 seconds .

========================================================================
Received Import Request.
  Time since last request: 0.000265 seconds.
  path: Assets/Materials/Segment.mat
  artifactKey: Guid(7a92da44c82fb014c94889914bad3a66) Importer(815301076,1909f56bfc062723c751e8b465ee728b)
Start importing Assets/Materials/Segment.mat using Guid(7a92da44c82fb014c94889914bad3a66) Importer(815301076,1909f56bfc062723c751e8b465ee728b)  -> (artifact id: '670ee508ad08f189c29150659c746571') in 0.017201 seconds
  Import took 0.019848 seconds .

========================================================================
Received Import Request.
  Time since last request: 0.000257 seconds.
  path: Assets/Materials/Block.mat
  artifactKey: Guid(0208a7e256d40c844bacdb306d10937d) Importer(815301076,1909f56bfc062723c751e8b465ee728b)
Start importing Assets/Materials/Block.mat using Guid(0208a7e256d40c844bacdb306d10937d) Importer(815301076,1909f56bfc062723c751e8b465ee728b)  -> (artifact id: '54d68577dfcf84c4febb31b5fb79ea84') in 0.018008 seconds
  Import took 0.021632 seconds .

========================================================================
Received Import Request.
  Time since last request: 0.000232 seconds.
  path: Assets/Materials/Finish.mat
  artifactKey: Guid(a790ee41c395fbc47bc11d8b0df68b48) Importer(815301076,1909f56bfc062723c751e8b465ee728b)
Start importing Assets/Materials/Finish.mat using Guid(a790ee41c395fbc47bc11d8b0df68b48) Importer(815301076,1909f56bfc062723c751e8b465ee728b)  -> (artifact id: '1551fdeb638932a9137379a2f4b4a038') in 0.016123 seconds
  Import took 0.018306 seconds .

========================================================================
Received Import Request.
  Time since last request: 0.004755 seconds.
  path: Assets/Materials/Finish.mat
  artifactKey: Guid(a790ee41c395fbc47bc11d8b0df68b48) Importer(815301076,1909f56bfc062723c751e8b465ee728b)
Start importing Assets/Materials/Finish.mat using Guid(a790ee41c395fbc47bc11d8b0df68b48) Importer(815301076,1909f56bfc062723c751e8b465ee728b)  -> (artifact id: '1551fdeb638932a9137379a2f4b4a038') in 0.015367 seconds
  Import took 0.018325 seconds .

========================================================================
Received Import Request.
  Time since last request: 151.802354 seconds.
  path: Assets/TextMesh Pro
  artifactKey: Guid(f54d1bd14bd3ca042bd867b519fee8cc) Importer(815301076,1909f56bfc062723c751e8b465ee728b)
Start importing Assets/TextMesh Pro using Guid(f54d1bd14bd3ca042bd867b519fee8cc) Importer(815301076,1909f56bfc062723c751e8b465ee728b)  -> (artifact id: 'c39565d08a2499f604508dd1ea501fd5') in 0.010285 seconds
  Import took 0.014713 seconds .

========================================================================
Received Import Request.
  Time since last request: 299.200038 seconds.
  path: Assets/Scripts
  artifactKey: Guid(edfb1ebece36e1d489e66f6e72d6f926) Importer(815301076,1909f56bfc062723c751e8b465ee728b)
Start importing Assets/Scripts using Guid(edfb1ebece36e1d489e66f6e72d6f926) Importer(815301076,1909f56bfc062723c751e8b465ee728b)  -> (artifact id: 'f2335191f3407a5cd17f442397057afc') in 0.007888 seconds
  Import took 0.010216 seconds .

========================================================================
Received Import Request.
  Time since last request: 2.786695 seconds.
  path: Assets/Scripts/Environment
  artifactKey: Guid(8138b75bf7c2d2a45aa14c0121610219) Importer(815301076,1909f56bfc062723c751e8b465ee728b)
Start importing Assets/Scripts/Environment using Guid(8138b75bf7c2d2a45aa14c0121610219) Importer(815301076,1909f56bfc062723c751e8b465ee728b)  -> (artifact id: '8aa3dbae4dede0673993ab6851278114') in 0.009853 seconds
  Import took 0.012691 seconds .

========================================================================
Received Import Request.
  Time since last request: 8.897205 seconds.
  path: Assets/TextMesh Pro/Sprites/EmojiOne.png
  artifactKey: Guid(dffef66376be4fa480fb02b19edbe903) Importer(815301076,1909f56bfc062723c751e8b465ee728b)
Start importing Assets/TextMesh Pro/Sprites/EmojiOne.png using Guid(dffef66376be4fa480fb02b19edbe903) Importer(815301076,1909f56bfc062723c751e8b465ee728b)  -> (artifact id: '1b66f5031cc20c53965e95a641d5432d') in 0.168751 seconds
  Import took 0.171480 seconds .

========================================================================
Received Import Request.
  Time since last request: 1.504229 seconds.
  path: Assets/TextMesh Pro/Resources/TMP Settings.asset
  artifactKey: Guid(3f5b5dff67a942289a9defa416b206f3) Importer(815301076,1909f56bfc062723c751e8b465ee728b)
Start importing Assets/TextMesh Pro/Resources/TMP Settings.asset using Guid(3f5b5dff67a942289a9defa416b206f3) Importer(815301076,1909f56bfc062723c751e8b465ee728b)  -> (artifact id: '3827a4f197cca4ef749e3e5b51030216') in 0.075915 seconds
  Import took 0.078464 seconds .

========================================================================
Received Import Request.
  Time since last request: 1.828706 seconds.
  path: Assets/TextMesh Pro/Fonts/LiberationSans.ttf
  artifactKey: Guid(e3265ab4bf004d28a9537516768c1c75) Importer(815301076,1909f56bfc062723c751e8b465ee728b)
Start importing Assets/TextMesh Pro/Fonts/LiberationSans.ttf using Guid(e3265ab4bf004d28a9537516768c1c75) Importer(815301076,1909f56bfc062723c751e8b465ee728b)  -> (artifact id: 'ee89e5042f66d11fd6a49fba2e2320e8') in 0.036133 seconds
  Import took 0.038372 seconds .

========================================================================
Received Prepare
Registering precompiled user dll's ...
Registered in 0.001242 seconds.
Begin MonoManager ReloadAssembly
Native extension for Lumin target not found
Native extension for LinuxStandalone target not found
Native extension for WindowsStandalone target not found
Native extension for OSXStandalone target not found
Native extension for WebGL target not found
Refreshing native plugins compatible for Editor in 0.27 ms, found 0 plugins.
Preloading 0 native plugins for Editor in 0.00 ms.
Invoked RoslynAnalysisRunner static constructor.
RoslynAnalysisRunner will not be running.
RoslynAnalysisRunner has terminated.
Mono: successfully reloaded assembly
- Completed reload, in  1.360 seconds
Platform modules already initialized, skipping
Refreshing native plugins compatible for Editor in 0.49 ms, found 0 plugins.
Preloading 0 native plugins for Editor in 0.00 ms.
Unloading 1122 Unused Serialized files (Serialized files now loaded: 0)
System memory in use before: 61.4 MB.
System memory in use after: 61.5 MB.

Unloading 4 unused Assets to reduce memory usage. Loaded Objects now: 1632.
Total: 4.280900 ms (FindLiveObjects: 0.304900 ms CreateObjectMapping: 0.150300 ms MarkObjects: 3.792200 ms  DeleteObjects: 0.031500 ms)

========================================================================
Received Prepare
Registering precompiled user dll's ...
Registered in 0.001660 seconds.
Begin MonoManager ReloadAssembly
Native extension for Lumin target not found
Native extension for LinuxStandalone target not found
Native extension for WindowsStandalone target not found
Native extension for OSXStandalone target not found
Native extension for WebGL target not found
Refreshing native plugins compatible for Editor in 0.27 ms, found 0 plugins.
Preloading 0 native plugins for Editor in 0.00 ms.
Invoked RoslynAnalysisRunner static constructor.
RoslynAnalysisRunner will not be running.
RoslynAnalysisRunner has terminated.
Mono: successfully reloaded assembly
- Completed reload, in  1.187 seconds
Platform modules already initialized, skipping
Refreshing native plugins compatible for Editor in 0.42 ms, found 0 plugins.
Preloading 0 native plugins for Editor in 0.00 ms.
Unloading 1122 Unused Serialized files (Serialized files now loaded: 0)
System memory in use before: 61.4 MB.
System memory in use after: 61.5 MB.

Unloading 4 unused Assets to reduce memory usage. Loaded Objects now: 1635.
Total: 4.221000 ms (FindLiveObjects: 0.252900 ms CreateObjectMapping: 0.084900 ms MarkObjects: 3.854000 ms  DeleteObjects: 0.026400 ms)

AssetImportWorkerClient::OnTransportError - code=2 error=End of file
